
> nounpaddi-backend@1.0.0 start
> node server.js

(node:1770) [MONGODB DRIVER] Warning: useNewUrlParser is a deprecated option: useNewUrlParser has no effect since Node.js Driver version 4.0.0 and will be removed in the next major version
(Use `node --trace-warnings ...` to show where the warning was created)
(node:1770) [MONGODB DRIVER] Warning: useUnifiedTopology is a deprecated option: useUnifiedTopology has no effect since Node.js Driver version 4.0.0 and will be removed in the next major version
Server running in development mode on port 5001
Error: The CORS policy for this site does not allow access from the specified Origin.
    at origin (/Users/mac/OpenSource/nounpaddi/backend/server.js:33:23)
    at /Users/mac/OpenSource/nounpaddi/backend/node_modules/cors/lib/index.js:219:13
    at optionsCallback (/Users/mac/OpenSource/nounpaddi/backend/node_modules/cors/lib/index.js:199:9)
    at corsMiddleware (/Users/mac/OpenSource/nounpaddi/backend/node_modules/cors/lib/index.js:204:7)
    at Layer.handle [as handle_request] (/Users/mac/OpenSource/nounpaddi/backend/node_modules/express/lib/router/layer.js:95:5)
    at trim_prefix (/Users/mac/OpenSource/nounpaddi/backend/node_modules/express/lib/router/index.js:328:13)
    at /Users/mac/OpenSource/nounpaddi/backend/node_modules/express/lib/router/index.js:286:9
    at Function.process_params (/Users/mac/OpenSource/nounpaddi/backend/node_modules/express/lib/router/index.js:346:12)
    at next (/Users/mac/OpenSource/nounpaddi/backend/node_modules/express/lib/router/index.js:280:10)
    at urlencodedParser (/Users/mac/OpenSource/nounpaddi/backend/node_modules/body-parser/lib/types/urlencoded.js:91:7)
MongoDB Connected: ac-0bzjik2-shard-00-01.hpshwg3.mongodb.net
Error: The CORS policy for this site does not allow access from the specified Origin.
    at origin (/Users/mac/OpenSource/nounpaddi/backend/server.js:33:23)
    at /Users/mac/OpenSource/nounpaddi/backend/node_modules/cors/lib/index.js:219:13
    at optionsCallback (/Users/mac/OpenSource/nounpaddi/backend/node_modules/cors/lib/index.js:199:9)
    at corsMiddleware (/Users/mac/OpenSource/nounpaddi/backend/node_modules/cors/lib/index.js:204:7)
    at Layer.handle [as handle_request] (/Users/mac/OpenSource/nounpaddi/backend/node_modules/express/lib/router/layer.js:95:5)
    at trim_prefix (/Users/mac/OpenSource/nounpaddi/backend/node_modules/express/lib/router/index.js:328:13)
    at /Users/mac/OpenSource/nounpaddi/backend/node_modules/express/lib/router/index.js:286:9
    at Function.process_params (/Users/mac/OpenSource/nounpaddi/backend/node_modules/express/lib/router/index.js:346:12)
    at next (/Users/mac/OpenSource/nounpaddi/backend/node_modules/express/lib/router/index.js:280:10)
    at urlencodedParser (/Users/mac/OpenSource/nounpaddi/backend/node_modules/body-parser/lib/types/urlencoded.js:91:7)
Error: The CORS policy for this site does not allow access from the specified Origin.
    at origin (/Users/mac/OpenSource/nounpaddi/backend/server.js:33:23)
    at /Users/mac/OpenSource/nounpaddi/backend/node_modules/cors/lib/index.js:219:13
    at optionsCallback (/Users/mac/OpenSource/nounpaddi/backend/node_modules/cors/lib/index.js:199:9)
    at corsMiddleware (/Users/mac/OpenSource/nounpaddi/backend/node_modules/cors/lib/index.js:204:7)
    at Layer.handle [as handle_request] (/Users/mac/OpenSource/nounpaddi/backend/node_modules/express/lib/router/layer.js:95:5)
    at trim_prefix (/Users/mac/OpenSource/nounpaddi/backend/node_modules/express/lib/router/index.js:328:13)
    at /Users/mac/OpenSource/nounpaddi/backend/node_modules/express/lib/router/index.js:286:9
    at Function.process_params (/Users/mac/OpenSource/nounpaddi/backend/node_modules/express/lib/router/index.js:346:12)
    at next (/Users/mac/OpenSource/nounpaddi/backend/node_modules/express/lib/router/index.js:280:10)
    at urlencodedParser (/Users/mac/OpenSource/nounpaddi/backend/node_modules/body-parser/lib/types/urlencoded.js:91:7)
Error: The CORS policy for this site does not allow access from the specified Origin.
    at origin (/Users/mac/OpenSource/nounpaddi/backend/server.js:33:23)
    at /Users/mac/OpenSource/nounpaddi/backend/node_modules/cors/lib/index.js:219:13
    at optionsCallback (/Users/mac/OpenSource/nounpaddi/backend/node_modules/cors/lib/index.js:199:9)
    at corsMiddleware (/Users/mac/OpenSource/nounpaddi/backend/node_modules/cors/lib/index.js:204:7)
    at Layer.handle [as handle_request] (/Users/mac/OpenSource/nounpaddi/backend/node_modules/express/lib/router/layer.js:95:5)
    at trim_prefix (/Users/mac/OpenSource/nounpaddi/backend/node_modules/express/lib/router/index.js:328:13)
    at /Users/mac/OpenSource/nounpaddi/backend/node_modules/express/lib/router/index.js:286:9
    at Function.process_params (/Users/mac/OpenSource/nounpaddi/backend/node_modules/express/lib/router/index.js:346:12)
    at next (/Users/mac/OpenSource/nounpaddi/backend/node_modules/express/lib/router/index.js:280:10)
    at urlencodedParser (/Users/mac/OpenSource/nounpaddi/backend/node_modules/body-parser/lib/types/urlencoded.js:91:7)
Error: The CORS policy for this site does not allow access from the specified Origin.
    at origin (/Users/mac/OpenSource/nounpaddi/backend/server.js:33:23)
    at /Users/mac/OpenSource/nounpaddi/backend/node_modules/cors/lib/index.js:219:13
    at optionsCallback (/Users/mac/OpenSource/nounpaddi/backend/node_modules/cors/lib/index.js:199:9)
    at corsMiddleware (/Users/mac/OpenSource/nounpaddi/backend/node_modules/cors/lib/index.js:204:7)
    at Layer.handle [as handle_request] (/Users/mac/OpenSource/nounpaddi/backend/node_modules/express/lib/router/layer.js:95:5)
    at trim_prefix (/Users/mac/OpenSource/nounpaddi/backend/node_modules/express/lib/router/index.js:328:13)
    at /Users/mac/OpenSource/nounpaddi/backend/node_modules/express/lib/router/index.js:286:9
    at Function.process_params (/Users/mac/OpenSource/nounpaddi/backend/node_modules/express/lib/router/index.js:346:12)
    at next (/Users/mac/OpenSource/nounpaddi/backend/node_modules/express/lib/router/index.js:280:10)
    at urlencodedParser (/Users/mac/OpenSource/nounpaddi/backend/node_modules/body-parser/lib/types/urlencoded.js:91:7)
Error: The CORS policy for this site does not allow access from the specified Origin.
    at origin (/Users/mac/OpenSource/nounpaddi/backend/server.js:33:23)
    at /Users/mac/OpenSource/nounpaddi/backend/node_modules/cors/lib/index.js:219:13
    at optionsCallback (/Users/mac/OpenSource/nounpaddi/backend/node_modules/cors/lib/index.js:199:9)
    at corsMiddleware (/Users/mac/OpenSource/nounpaddi/backend/node_modules/cors/lib/index.js:204:7)
    at Layer.handle [as handle_request] (/Users/mac/OpenSource/nounpaddi/backend/node_modules/express/lib/router/layer.js:95:5)
    at trim_prefix (/Users/mac/OpenSource/nounpaddi/backend/node_modules/express/lib/router/index.js:328:13)
    at /Users/mac/OpenSource/nounpaddi/backend/node_modules/express/lib/router/index.js:286:9
    at Function.process_params (/Users/mac/OpenSource/nounpaddi/backend/node_modules/express/lib/router/index.js:346:12)
    at next (/Users/mac/OpenSource/nounpaddi/backend/node_modules/express/lib/router/index.js:280:10)
    at urlencodedParser (/Users/mac/OpenSource/nounpaddi/backend/node_modules/body-parser/lib/types/urlencoded.js:91:7)
Error: The CORS policy for this site does not allow access from the specified Origin.
    at origin (/Users/mac/OpenSource/nounpaddi/backend/server.js:33:23)
    at /Users/mac/OpenSource/nounpaddi/backend/node_modules/cors/lib/index.js:219:13
    at optionsCallback (/Users/mac/OpenSource/nounpaddi/backend/node_modules/cors/lib/index.js:199:9)
    at corsMiddleware (/Users/mac/OpenSource/nounpaddi/backend/node_modules/cors/lib/index.js:204:7)
    at Layer.handle [as handle_request] (/Users/mac/OpenSource/nounpaddi/backend/node_modules/express/lib/router/layer.js:95:5)
    at trim_prefix (/Users/mac/OpenSource/nounpaddi/backend/node_modules/express/lib/router/index.js:328:13)
    at /Users/mac/OpenSource/nounpaddi/backend/node_modules/express/lib/router/index.js:286:9
    at Function.process_params (/Users/mac/OpenSource/nounpaddi/backend/node_modules/express/lib/router/index.js:346:12)
    at next (/Users/mac/OpenSource/nounpaddi/backend/node_modules/express/lib/router/index.js:280:10)
    at urlencodedParser (/Users/mac/OpenSource/nounpaddi/backend/node_modules/body-parser/lib/types/urlencoded.js:91:7)
Error: The CORS policy for this site does not allow access from the specified Origin.
    at origin (/Users/mac/OpenSource/nounpaddi/backend/server.js:33:23)
    at /Users/mac/OpenSource/nounpaddi/backend/node_modules/cors/lib/index.js:219:13
    at optionsCallback (/Users/mac/OpenSource/nounpaddi/backend/node_modules/cors/lib/index.js:199:9)
    at corsMiddleware (/Users/mac/OpenSource/nounpaddi/backend/node_modules/cors/lib/index.js:204:7)
    at Layer.handle [as handle_request] (/Users/mac/OpenSource/nounpaddi/backend/node_modules/express/lib/router/layer.js:95:5)
    at trim_prefix (/Users/mac/OpenSource/nounpaddi/backend/node_modules/express/lib/router/index.js:328:13)
    at /Users/mac/OpenSource/nounpaddi/backend/node_modules/express/lib/router/index.js:286:9
    at Function.process_params (/Users/mac/OpenSource/nounpaddi/backend/node_modules/express/lib/router/index.js:346:12)
    at next (/Users/mac/OpenSource/nounpaddi/backend/node_modules/express/lib/router/index.js:280:10)
    at urlencodedParser (/Users/mac/OpenSource/nounpaddi/backend/node_modules/body-parser/lib/types/urlencoded.js:91:7)
Error: The CORS policy for this site does not allow access from the specified Origin.
    at origin (/Users/mac/OpenSource/nounpaddi/backend/server.js:33:23)
    at /Users/mac/OpenSource/nounpaddi/backend/node_modules/cors/lib/index.js:219:13
    at optionsCallback (/Users/mac/OpenSource/nounpaddi/backend/node_modules/cors/lib/index.js:199:9)
    at corsMiddleware (/Users/mac/OpenSource/nounpaddi/backend/node_modules/cors/lib/index.js:204:7)
    at Layer.handle [as handle_request] (/Users/mac/OpenSource/nounpaddi/backend/node_modules/express/lib/router/layer.js:95:5)
    at trim_prefix (/Users/mac/OpenSource/nounpaddi/backend/node_modules/express/lib/router/index.js:328:13)
    at /Users/mac/OpenSource/nounpaddi/backend/node_modules/express/lib/router/index.js:286:9
    at Function.process_params (/Users/mac/OpenSource/nounpaddi/backend/node_modules/express/lib/router/index.js:346:12)
    at next (/Users/mac/OpenSource/nounpaddi/backend/node_modules/express/lib/router/index.js:280:10)
    at urlencodedParser (/Users/mac/OpenSource/nounpaddi/backend/node_modules/body-parser/lib/types/urlencoded.js:91:7)
Error: The CORS policy for this site does not allow access from the specified Origin.
    at origin (/Users/mac/OpenSource/nounpaddi/backend/server.js:33:23)
    at /Users/mac/OpenSource/nounpaddi/backend/node_modules/cors/lib/index.js:219:13
    at optionsCallback (/Users/mac/OpenSource/nounpaddi/backend/node_modules/cors/lib/index.js:199:9)
    at corsMiddleware (/Users/mac/OpenSource/nounpaddi/backend/node_modules/cors/lib/index.js:204:7)
    at Layer.handle [as handle_request] (/Users/mac/OpenSource/nounpaddi/backend/node_modules/express/lib/router/layer.js:95:5)
    at trim_prefix (/Users/mac/OpenSource/nounpaddi/backend/node_modules/express/lib/router/index.js:328:13)
    at /Users/mac/OpenSource/nounpaddi/backend/node_modules/express/lib/router/index.js:286:9
    at Function.process_params (/Users/mac/OpenSource/nounpaddi/backend/node_modules/express/lib/router/index.js:346:12)
    at next (/Users/mac/OpenSource/nounpaddi/backend/node_modules/express/lib/router/index.js:280:10)
    at urlencodedParser (/Users/mac/OpenSource/nounpaddi/backend/node_modules/body-parser/lib/types/urlencoded.js:91:7)
Error: The CORS policy for this site does not allow access from the specified Origin.
    at origin (/Users/mac/OpenSource/nounpaddi/backend/server.js:33:23)
    at /Users/mac/OpenSource/nounpaddi/backend/node_modules/cors/lib/index.js:219:13
    at optionsCallback (/Users/mac/OpenSource/nounpaddi/backend/node_modules/cors/lib/index.js:199:9)
    at corsMiddleware (/Users/mac/OpenSource/nounpaddi/backend/node_modules/cors/lib/index.js:204:7)
    at Layer.handle [as handle_request] (/Users/mac/OpenSource/nounpaddi/backend/node_modules/express/lib/router/layer.js:95:5)
    at trim_prefix (/Users/mac/OpenSource/nounpaddi/backend/node_modules/express/lib/router/index.js:328:13)
    at /Users/mac/OpenSource/nounpaddi/backend/node_modules/express/lib/router/index.js:286:9
    at Function.process_params (/Users/mac/OpenSource/nounpaddi/backend/node_modules/express/lib/router/index.js:346:12)
    at next (/Users/mac/OpenSource/nounpaddi/backend/node_modules/express/lib/router/index.js:280:10)
    at urlencodedParser (/Users/mac/OpenSource/nounpaddi/backend/node_modules/body-parser/lib/types/urlencoded.js:91:7)
